This is pdfTeX, Version 3.14159265-2.6-1.40.21 (MiKTeX 20.10) (preloaded format=pdflatex 2020.10.23)  14 NOV 2020 17:03
entering extended mode
**"C:/Users/Javier/Desktop/INFORMATICA/FUNDAMENTOS DE CIENCIA DE DATOS/LABORATO
RIO/PL2/Memoria.tex"

("C:/Users/Javier/Desktop/INFORMATICA/FUNDAMENTOS DE CIENCIA DE DATOS/LABORATOR
IO/PL2/Memoria.tex"
LaTeX2e <2020-10-01> patch level 1
L3 programming layer <2020-10-05> xparse <2020-03-03> (C:\Users\Javier\AppData\
Local\Programs\MiKTeX\tex/latex/base\article.cls
Document Class: article 2020/04/10 v1.4m Standard LaTeX document class
(C:\Users\Javier\AppData\Local\Programs\MiKTeX\tex/latex/base\size10.clo
File: size10.clo 2020/04/10 v1.4m Standard LaTeX file (size option)
)
\c@part=\count175
\c@section=\count176
\c@subsection=\count177
\c@subsubsection=\count178
\c@paragraph=\count179
\c@subparagraph=\count180
\c@figure=\count181
\c@table=\count182
\abovecaptionskip=\skip47
\belowcaptionskip=\skip48
\bibindent=\dimen138
) (C:\Users\Javier\AppData\Local\Programs\MiKTeX\tex/latex/base\inputenc.sty
Package: inputenc 2020/08/01 v1.3d Input encoding file
\inpenc@prehook=\toks15
\inpenc@posthook=\toks16
) (C:/PROGRA~1/R/R-40~1.3/share/texmf/tex/latex\Sweave.sty
Package: Sweave 
(C:\Users\Javier\AppData\Local\Programs\MiKTeX\tex/latex/base\ifthen.sty
Package: ifthen 2014/09/29 v1.1c Standard LaTeX ifthen package (DPC)
) (C:\Users\Javier\AppData\Local\Programs\MiKTeX\tex/latex/graphics\graphicx.st
y
Package: graphicx 2020/09/09 v1.2b Enhanced LaTeX Graphics (DPC,SPQR)
(C:\Users\Javier\AppData\Local\Programs\MiKTeX\tex/latex/graphics\keyval.sty
Package: keyval 2014/10/28 v1.15 key=value parser (DPC)
\KV@toks@=\toks17
) (C:\Users\Javier\AppData\Local\Programs\MiKTeX\tex/latex/graphics\graphics.st
y
Package: graphics 2020/08/30 v1.4c Standard LaTeX Graphics (DPC,SPQR)
(C:\Users\Javier\AppData\Local\Programs\MiKTeX\tex/latex/graphics\trig.sty
Package: trig 2016/01/03 v1.10 sin cos tan (DPC)
)
(C:\Users\Javier\AppData\Local\Programs\MiKTeX\tex/latex/graphics-cfg\graphics.
cfg
File: graphics.cfg 2016/06/04 v1.11 sample graphics configuration
)
Package graphics Info: Driver file: pdftex.def on input line 105.

(C:\Users\Javier\AppData\Local\Programs\MiKTeX\tex/latex/graphics-def\pdftex.de
f
File: pdftex.def 2020/10/05 v1.2a Graphics/color driver for pdftex
))
\Gin@req@height=\dimen139
\Gin@req@width=\dimen140
) (C:\Users\Javier\AppData\Local\Programs\MiKTeX\tex/latex/fancyvrb\fancyvrb.st
y
Package: fancyvrb 2020/05/03 v3.6 verbatim text (tvz,hv)
\FV@CodeLineNo=\count183
\FV@InFile=\read2
\FV@TabBox=\box47
\c@FancyVerbLine=\count184
\FV@StepNumber=\count185
\FV@OutFile=\write3
) (C:\Users\Javier\AppData\Local\Programs\MiKTeX\tex/latex/base\textcomp.sty
Package: textcomp 2020/02/02 v2.0n Standard LaTeX package
) (C:\Users\Javier\AppData\Local\Programs\MiKTeX\tex/latex/base\fontenc.sty
Package: fontenc 2020/08/10 v2.0s Standard LaTeX package
) (C:\Users\Javier\AppData\Local\Programs\MiKTeX\tex/latex/ae\ae.sty
Package: ae 2001/02/12 1.3 Almost European Computer Modern
(C:\Users\Javier\AppData\Local\Programs\MiKTeX\tex/latex/base\fontenc.sty
Package: fontenc 2020/08/10 v2.0s Standard LaTeX package
)))
LaTeX Font Info:    Trying to load font information for T1+aer on input line 6.

(C:\Users\Javier\AppData\Local\Programs\MiKTeX\tex/latex/ae\t1aer.fd
File: t1aer.fd 1997/11/16 Font definitions for T1/aer.
)
(C:\Users\Javier\AppData\Local\Programs\MiKTeX\tex/latex/l3backend\l3backend-pd
ftex.def
File: l3backend-pdftex.def 2020-09-24 L3 backend support: PDF output (pdfTeX)
\l__kernel_color_stack_int=\count186
\l__pdf_internal_box=\box48
) (Memoria.aux)
\openout1 = `Memoria.aux'.

LaTeX Font Info:    Checking defaults for OML/cmm/m/it on input line 6.
LaTeX Font Info:    ... okay on input line 6.
LaTeX Font Info:    Checking defaults for OMS/cmsy/m/n on input line 6.
LaTeX Font Info:    ... okay on input line 6.
LaTeX Font Info:    Checking defaults for OT1/cmr/m/n on input line 6.
LaTeX Font Info:    ... okay on input line 6.
LaTeX Font Info:    Checking defaults for T1/cmr/m/n on input line 6.
LaTeX Font Info:    ... okay on input line 6.
LaTeX Font Info:    Checking defaults for TS1/cmr/m/n on input line 6.
LaTeX Font Info:    ... okay on input line 6.
LaTeX Font Info:    Checking defaults for OMX/cmex/m/n on input line 6.
LaTeX Font Info:    ... okay on input line 6.
LaTeX Font Info:    Checking defaults for U/cmr/m/n on input line 6.
LaTeX Font Info:    ... okay on input line 6.

(C:\Users\Javier\AppData\Local\Programs\MiKTeX\tex/context/base/mkii\supp-pdf.m
kii
[Loading MPS to PDF converter (version 2006.09.02).]
\scratchcounter=\count187
\scratchdimen=\dimen141
\scratchbox=\box49
\nofMPsegments=\count188
\nofMParguments=\count189
\everyMPshowfont=\toks18
\MPscratchCnt=\count190
\MPscratchDim=\dimen142
\MPnumerator=\count191
\makeMPintoPDFobject=\count192
\everyMPtoPDFconversion=\toks19
)
(C:\Users\Javier\AppData\Local\Programs\MiKTeX\tex/latex/epstopdf-pkg\epstopdf-
base.sty
Package: epstopdf-base 2020-01-24 v2.11 Base part for package epstopdf

(C:\Users\Javier\AppData\Local\Programs\MiKTeX\tex/generic/infwarerr\infwarerr.
sty
Package: infwarerr 2019/12/03 v1.5 Providing info/warning/error messages (HO)
) (C:\Users\Javier\AppData\Local\Programs\MiKTeX\tex/latex/grfext\grfext.sty
Package: grfext 2019/12/03 v1.3 Manage graphics extensions (HO)

(C:\Users\Javier\AppData\Local\Programs\MiKTeX\tex/generic/kvdefinekeys\kvdefin
ekeys.sty
Package: kvdefinekeys 2019-12-19 v1.6 Define keys (HO)
))
(C:\Users\Javier\AppData\Local\Programs\MiKTeX\tex/latex/kvoptions\kvoptions.st
y
Package: kvoptions 2019/11/29 v3.13 Key value format for package options (HO)
(C:\Users\Javier\AppData\Local\Programs\MiKTeX\tex/generic/ltxcmds\ltxcmds.sty
Package: ltxcmds 2020-05-10 v1.25 LaTeX kernel commands for general use (HO)
)
(C:\Users\Javier\AppData\Local\Programs\MiKTeX\tex/generic/kvsetkeys\kvsetkeys.
sty
Package: kvsetkeys 2019/12/15 v1.18 Key value parser (HO)
))
(C:\Users\Javier\AppData\Local\Programs\MiKTeX\tex/generic/pdftexcmds\pdftexcmd
s.sty
Package: pdftexcmds 2020-06-27 v0.33 Utility functions of pdfTeX for LuaTeX (HO
)
(C:\Users\Javier\AppData\Local\Programs\MiKTeX\tex/generic/iftex\iftex.sty
Package: iftex 2020/03/06 v1.0d TeX engine tests
)
Package pdftexcmds Info: \pdf@primitive is available.
Package pdftexcmds Info: \pdf@ifprimitive is available.
Package pdftexcmds Info: \pdfdraftmode found.
)
Package epstopdf-base Info: Redefining graphics rule for `.eps' on input line 4
85.
Package grfext Info: Graphics extension search list:
(grfext)             [.pdf,.png,.jpg,.mps,.jpeg,.jbig2,.jb2,.PDF,.PNG,.JPG,.JPE
G,.JBIG2,.JB2,.eps]
(grfext)             \AppendGraphicsExtensions on input line 504.
)
LaTeX Font Info:    External font `cmex10' loaded for size
(Font)              <12> on input line 7.
LaTeX Font Info:    External font `cmex10' loaded for size
(Font)              <8> on input line 7.
LaTeX Font Info:    External font `cmex10' loaded for size
(Font)              <6> on input line 7.
C:/Users/Javier/Desktop/INFORMATICA/FUNDAMENTOS DE CIENCIA DE DATOS/LABORATORIO
/PL2/Memoria.tex:7: Extra alignment tab has been changed to \cr.
<recently read> \endtemplate 
                             
l.7 \maketitle
              
You have given more \span or & marks than there were
in the preamble to the \halign or \valign now in progress.
So I'll assume that you meant to type \cr instead.

 [1

{C:/Users/Javier/AppData/Local/MiKTeX/pdftex/config/pdftex.map}] (Memoria.toc
LaTeX Font Info:    External font `cmex10' loaded for size
(Font)              <7> on input line 2.
LaTeX Font Info:    External font `cmex10' loaded for size
(Font)              <5> on input line 2.
)
\tf@toc=\write4
\openout4 = `Memoria.toc'.

 [2]
LaTeX Font Info:    Trying to load font information for T1+aett on input line 3
2.

(C:\Users\Javier\AppData\Local\Programs\MiKTeX\tex/latex/ae\t1aett.fd
File: t1aett.fd 1997/11/16 Font definitions for T1/aett.
) [3] [4] [5] [6]
<Memoria-Figura 1.pdf, id=27, 433.62pt x 433.62pt>
File: Memoria-Figura 1.pdf Graphic file (type pdf)
<use Memoria-Figura 1.pdf>
Package pdftex.def Info: Memoria-Figura 1.pdf  used on input line 252.
(pdftex.def)             Requested size: 276.00105pt x 276.0139pt.
<Memoria-Figura 2.pdf, id=28, 433.62pt x 433.62pt>
File: Memoria-Figura 2.pdf Graphic file (type pdf)
<use Memoria-Figura 2.pdf>
Package pdftex.def Info: Memoria-Figura 2.pdf  used on input line 256.
(pdftex.def)             Requested size: 276.00105pt x 276.0139pt.
 [7 <./Memoria-Figura 1.pdf>]
<Memoria-Figura 3.pdf, id=45, 433.62pt x 433.62pt>
File: Memoria-Figura 3.pdf Graphic file (type pdf)
<use Memoria-Figura 3.pdf>
Package pdftex.def Info: Memoria-Figura 3.pdf  used on input line 261.
(pdftex.def)             Requested size: 276.00105pt x 276.0139pt.
<Memoria-Figura 4.pdf, id=46, 433.62pt x 433.62pt>
File: Memoria-Figura 4.pdf Graphic file (type pdf)
<use Memoria-Figura 4.pdf>
Package pdftex.def Info: Memoria-Figura 4.pdf  used on input line 263.
(pdftex.def)             Requested size: 276.00105pt x 276.0139pt.
 [8 <./Memoria-Figura 2.pdf>] [9 <./Memoria-Figura 3.pdf> <./Memoria-Figura 4.p
df>] [10] [11] [12] [13] [14] [15] [16]
<Memoria-Figura 5.pdf, id=99, 433.62pt x 433.62pt>
File: Memoria-Figura 5.pdf Graphic file (type pdf)
<use Memoria-Figura 5.pdf>
Package pdftex.def Info: Memoria-Figura 5.pdf  used on input line 688.
(pdftex.def)             Requested size: 276.00105pt x 276.0139pt.
<Memoria-Figura 6.pdf, id=100, 433.62pt x 433.62pt>
File: Memoria-Figura 6.pdf Graphic file (type pdf)
<use Memoria-Figura 6.pdf>
Package pdftex.def Info: Memoria-Figura 6.pdf  used on input line 693.
(pdftex.def)             Requested size: 276.00105pt x 276.0139pt.
 [17 <./Memoria-Figura 5.pdf>]
<Memoria-Figura 7.pdf, id=116, 433.62pt x 433.62pt>
File: Memoria-Figura 7.pdf Graphic file (type pdf)
<use Memoria-Figura 7.pdf>
Package pdftex.def Info: Memoria-Figura 7.pdf  used on input line 699.
(pdftex.def)             Requested size: 276.00105pt x 276.0139pt.
 [18 <./Memoria-Figura 6.pdf>]
<Memoria-Figura 8.pdf, id=126, 433.62pt x 433.62pt>
File: Memoria-Figura 8.pdf Graphic file (type pdf)
<use Memoria-Figura 8.pdf>
Package pdftex.def Info: Memoria-Figura 8.pdf  used on input line 701.
(pdftex.def)             Requested size: 276.00105pt x 276.0139pt.
 [19 <./Memoria-Figura 7.pdf> <./Memoria-Figura 8.pdf>] [20] [21] [22]
<Memoria-Figura 9.pdf, id=158, 433.62pt x 433.62pt>
File: Memoria-Figura 9.pdf Graphic file (type pdf)
<use Memoria-Figura 9.pdf>
Package pdftex.def Info: Memoria-Figura 9.pdf  used on input line 910.
(pdftex.def)             Requested size: 276.00105pt x 276.0139pt.
<Memoria-Figura 10.pdf, id=159, 433.62pt x 433.62pt>
File: Memoria-Figura 10.pdf Graphic file (type pdf)
<use Memoria-Figura 10.pdf>
Package pdftex.def Info: Memoria-Figura 10.pdf  used on input line 914.
(pdftex.def)             Requested size: 276.00105pt x 276.0139pt.

Underfull \hbox (badness 10000) in paragraph at lines 908--916

 []

 [23]
<Memoria-Figura 11.pdf, id=163, 433.62pt x 433.62pt>
File: Memoria-Figura 11.pdf Graphic file (type pdf)
<use Memoria-Figura 11.pdf>
Package pdftex.def Info: Memoria-Figura 11.pdf  used on input line 920.
(pdftex.def)             Requested size: 276.00105pt x 276.0139pt.
<Memoria-Figura 12.pdf, id=164, 433.62pt x 433.62pt>
File: Memoria-Figura 12.pdf Graphic file (type pdf)
<use Memoria-Figura 12.pdf>
Package pdftex.def Info: Memoria-Figura 12.pdf  used on input line 924.
(pdftex.def)             Requested size: 276.00105pt x 276.0139pt.

Overfull \hbox (1.15584pt too wide) in paragraph at lines 917--926
\T1/aer/m/n/10 Realizamos las mis-mas rep-re-senta-ciones grá-fi-cas re-al-izad
as en Apri-ori para Eclat.
 []


Underfull \hbox (badness 10000) in paragraph at lines 917--926

 []

 [24 <./Memoria-Figura 9.pdf> <./Memoria-Figura 10.pdf>] [25 <./Memoria-Figura 
11.pdf>] [26 <./Memoria-Figura 12.pdf>] [27] [28]
<Memoria-Figura 13.pdf, id=217, 433.62pt x 433.62pt>
File: Memoria-Figura 13.pdf Graphic file (type pdf)
<use Memoria-Figura 13.pdf>
Package pdftex.def Info: Memoria-Figura 13.pdf  used on input line 1118.
(pdftex.def)             Requested size: 276.00105pt x 276.0139pt.
<Memoria-Figura 14.pdf, id=218, 433.62pt x 433.62pt>
File: Memoria-Figura 14.pdf Graphic file (type pdf)
<use Memoria-Figura 14.pdf>
Package pdftex.def Info: Memoria-Figura 14.pdf  used on input line 1123.
(pdftex.def)             Requested size: 276.00105pt x 276.0139pt.

Underfull \hbox (badness 10000) in paragraph at lines 1113--1125

 []

 [29]
<Memoria-Figura 15.pdf, id=222, 433.62pt x 433.62pt>
File: Memoria-Figura 15.pdf Graphic file (type pdf)
<use Memoria-Figura 15.pdf>
Package pdftex.def Info: Memoria-Figura 15.pdf  used on input line 1129.
(pdftex.def)             Requested size: 276.00105pt x 276.0139pt.
<Memoria-Figura 16.pdf, id=223, 433.62pt x 433.62pt>
File: Memoria-Figura 16.pdf Graphic file (type pdf)
<use Memoria-Figura 16.pdf>
Package pdftex.def Info: Memoria-Figura 16.pdf  used on input line 1133.
(pdftex.def)             Requested size: 276.00105pt x 276.0139pt.

Overfull \hbox (1.15584pt too wide) in paragraph at lines 1126--1135
\T1/aer/m/n/10 Realizamos las mis-mas rep-re-senta-ciones grá-fi-cas re-al-izad
as en Apri-ori para Eclat.
 []


Underfull \hbox (badness 10000) in paragraph at lines 1126--1135

 []

 [30 <./Memoria-Figura 13.pdf> <./Memoria-Figura 14.pdf>] [31 <./Memoria-Figura
 15.pdf>] [32 <./Memoria-Figura 16.pdf>] (Memoria.aux) ) 
Here is how much of TeX's memory you used:
 2616 strings out of 480236
 41704 string characters out of 2880082
 312973 words of memory out of 3000000
 19089 multiletter control sequences out of 15000+200000
 562951 words of font info for 83 fonts, out of 3000000 for 9000
 1141 hyphenation exceptions out of 8191
 72i,6n,77p,431b,288s stack positions out of 5000i,500n,10000p,200000b,50000s
<C:/Users/Javier/AppDat
a/Local/Programs/MiKTeX/fonts/type1/public/amsfonts/cm/cmb10.pfb><C:/Users/Javi
er/AppData/Local/Programs/MiKTeX/fonts/type1/public/amsfonts/cm/cmr10.pfb><C:/U
sers/Javier/AppData/Local/Programs/MiKTeX/fonts/type1/public/amsfonts/cm/cmr12.
pfb><C:/Users/Javier/AppData/Local/Programs/MiKTeX/fonts/type1/public/amsfonts/
cm/cmr17.pfb><C:/Users/Javier/AppData/Local/Programs/MiKTeX/fonts/type1/public/
amsfonts/cm/cmr9.pfb><C:/Users/Javier/AppData/Local/Programs/MiKTeX/fonts/type1
/public/amsfonts/cm/cmsltt10.pfb><C:/Users/Javier/AppData/Local/Programs/MiKTeX
/fonts/type1/public/amsfonts/cm/cmtt10.pfb>
Output written on Memoria.pdf (32 pages, 256091 bytes).
PDF statistics:
 293 PDF objects out of 1000 (max. 8388607)
 0 named destinations out of 1000 (max. 500000)
 81 words of extra memory for PDF output out of 10000 (max. 10000000)

